Arguments: 
  /Users/johnny/.nvm/versions/node/v14.16.0/bin/node /Users/johnny/.nvm/versions/node/v14.16.0/bin/yarn init

PATH: 
  /Users/johnny/.rbenv/shims:/Users/johnny/.nvm/versions/node/v14.16.0/bin:/Library/Frameworks/Python.framework/Versions/3.6/bin:/usr/local/bin:/usr/bin:/bin:/usr/sbin:/sbin:/Library/Apple/usr/bin:/Applications/Postgres.app/Contents/Versions/latest/bin:/Users/johnny/.rbenv/shims:/Users/johnny/.nvm/versions/node/v14.16.0/bin:/Library/Frameworks/Python.framework/Versions/3.6/bin:/Users/johnny/.rvm/bin:/Users/johnny/.rvm/bin:/Users/johnny/.rvm/bin

Yarn version: 
  1.22.17

Node version: 
  14.16.0

Platform: 
  darwin x64

Trace: 
  Error: canceled
      at Interface.<anonymous> (/Users/johnny/.nvm/versions/node/v14.16.0/lib/node_modules/yarn/lib/cli.js:137143:13)
      at Interface.emit (events.js:315:20)
      at Interface._ttyWrite (readline.js:875:16)
      at ReadStream.onkeypress (readline.js:213:10)
      at ReadStream.emit (events.js:315:20)
      at emitKeys (internal/readline/utils.js:345:14)
      at emitKeys.next (<anonymous>)
      at ReadStream.onData (readline.js:1144:36)
      at ReadStream.emit (events.js:315:20)
      at addChunk (internal/streams/readable.js:309:12)

npm manifest: 
  No manifest

yarn manifest: 
  No manifest

Lockfile: 
  No lockfile
